<?xml version="1.0" encoding="UTF-8"?>
<!-- Generated by org.testng.reporters.JUnitXMLReporter -->
<testsuite ignored="0" hostname="DESKTOP-HC65C7B" failures="0" tests="4" name="Command line test" time="0.086" errors="0" timestamp="2021-09-19T17:23:43 IST">
  <testcase classname="MyFirstMavenProject.IntroToMaven.AppiumTest" name="SetAppium" time="0.009"/>
  <testcase classname="MyFirstMavenProject.IntroToMaven.AppiumTest" name="demoAppium" time="0.001"/>
  <testcase classname="MyFirstMavenProject.IntroToMaven.SeleniumTest" name="SetSelenium" time="0.001"/>
  <testcase classname="MyFirstMavenProject.IntroToMaven.SeleniumTest" name="demoSelenium" time="0.001"/>
</testsuite> <!-- Command line test -->
