<?xml version="1.0" encoding="UTF-8" ?>
<testsuite tests="4" failures="0" name="TestSuite" time="0.013" errors="0" skipped="0">
  <properties>
[...]
</properties>
  <testcase classname="MyFirstMavenProject.IntroToMaven.AppiumTest" name="SetAppium" time="0.013"/>
  <testcase classname="MyFirstMavenProject.IntroToMaven.AppiumTest" name="demoAppium" time="0"/>
  <testcase classname="MyFirstMavenProject.IntroToMaven.SeleniumTest" name="SetSelenium" time="0"/>
  <testcase classname="MyFirstMavenProject.IntroToMaven.SeleniumTest" name="demoSelenium" time="0"/>
</testsuite>